[12:57:47] [main/INFO] (FabricLoader/GameProvider) Loading Minecraft 1.19.3 with Fabric Loader 0.14.12
[12:57:47] [ForkJoinPool-1-worker-1/WARN] (FabricLoader/Metadata) Mod nethergolem uses the version ${version} which isn't compatible with Loader's extended semantic version format (Could not parse version number component '${version}'!), SemVer is recommended for reliably evaluating dependencies and prioritizing newer version
[12:57:47] [main/INFO] (FabricLoader) Loading 46 mods:
	- fabric-api 0.72.0+1.19.3
	- fabric-api-base 0.4.20+afca2f3e85
	- fabric-api-lookup-api-v1 1.6.19+49abcf7e85
	- fabric-biome-api-v1 12.1.0+b5d379b085
	- fabric-block-api-v1 1.0.4+e022e5d185
	- fabric-blockrenderlayer-v1 1.1.29+c6af733c85
	- fabric-client-tags-api-v1 1.0.11+1134c5b885
	- fabric-command-api-v2 2.2.0+3fc4752e85
	- fabric-content-registries-v0 3.5.0+1d37d50285
	- fabric-convention-tags-v1 1.2.1+8e4e694f85
	- fabric-crash-report-info-v1 0.2.13+aeb40ebe85
	- fabric-data-generation-api-v1 11.1.4+1134c5b885
	- fabric-dimensions-v1 2.1.40+48349a3f85
	- fabric-entity-events-v1 1.5.6+b83334a085
	- fabric-events-interaction-v0 0.4.39+3baeb27a85
	- fabric-game-rule-api-v1 1.0.29+99f9db8085
	- fabric-gametest-api-v1 1.1.16+1134c5b885
	- fabric-item-api-v1 2.1.8+1134c5b885
	- fabric-item-group-api-v1 2.1.11+1134c5b885
	- fabric-key-binding-api-v1 1.0.30+bc01e09785
	- fabric-lifecycle-events-v1 2.2.9+23a79c8a85
	- fabric-loot-api-v2 1.1.19+75e9821185
	- fabric-message-api-v1 5.0.13+6ede1da985
	- fabric-mining-level-api-v1 2.1.30+49abcf7e85
	- fabric-models-v0 0.3.26+11ba9c3b85
	- fabric-networking-api-v1 1.2.16+4017a8cb85
	- fabric-object-builder-api-v1 5.3.0+85f102ee85
	- fabric-particles-v1 1.0.19+f1e4495b85
	- fabric-recipe-api-v1 1.0.0+5176f73d85
	- fabric-registry-sync-v0 2.0.4+1134c5b885
	- fabric-renderer-api-v1 2.2.0+9f179aa185
	- fabric-renderer-indigo 0.7.0+9f179aa185
	- fabric-rendering-data-attachment-v1 0.3.24+afca2f3e85
	- fabric-rendering-fluids-v1 3.0.17+f1e4495b85
	- fabric-rendering-v1 1.12.0+6dc0edd785
	- fabric-resource-conditions-api-v1 2.2.2+1134c5b885
	- fabric-resource-loader-v0 0.10.4+a91e48b785
	- fabric-screen-api-v1 1.0.40+f1e4495b85
	- fabric-screen-handler-api-v1 1.3.12+99f9db8085
	- fabric-sound-api-v1 1.0.7+75e9821185
	- fabric-transfer-api-v1 2.1.14+ccd377ba85
	- fabric-transitive-access-wideners-v1 2.3.0+5b9a588b85
	- fabricloader 0.14.12
	- java 17
	- minecraft 1.19.3
	- nethergolem ${version}
[12:57:48] [main/INFO] (FabricLoader/Mixin) SpongePowered MIXIN Subsystem Version=0.8.5 Source=file:/C:/Users/ttvul/.gradle/caches/modules-2/files-2.1/net.fabricmc/sponge-mixin/0.11.4+mixin.0.8.5/c1dc27696aa4006e492c2485c9ccbcb26045a971/sponge-mixin-0.11.4+mixin.0.8.5.jar Service=Knot/Fabric Env=CLIENT
[12:57:49] [main/INFO] (FabricLoader/Mixin) Loaded Fabric development mappings for mixin remapper!
[12:57:49] [main/INFO] (FabricLoader/Mixin) Compatibility level set to JAVA_17
[12:58:03] [main/INFO] (Minecraft) Building optimized datafixer
[12:58:12] [Render thread/INFO] (Minecraft) Environment: authHost='https://authserver.mojang.com', accountsHost='https://api.mojang.com', sessionHost='https://sessionserver.mojang.com', servicesHost='https://api.minecraftservices.com', name='PROD'
[12:58:13] [Render thread/ERROR] (Minecraft) Failed to verify authentication
com.mojang.authlib.exceptions.InvalidCredentialsException: Status: 401
	at com.mojang.authlib.exceptions.MinecraftClientHttpException.toAuthenticationException(MinecraftClientHttpException.java:56) ~[authlib-3.16.29.jar:?]
	at com.mojang.authlib.yggdrasil.YggdrasilUserApiService.fetchProperties(YggdrasilUserApiService.java:156) ~[authlib-3.16.29.jar:?]
	at com.mojang.authlib.yggdrasil.YggdrasilUserApiService.<init>(YggdrasilUserApiService.java:55) ~[authlib-3.16.29.jar:?]
	at com.mojang.authlib.yggdrasil.YggdrasilAuthenticationService.createUserApiService(YggdrasilAuthenticationService.java:161) ~[authlib-3.16.29.jar:?]
	at net.minecraft.client.MinecraftClient.createUserApiService(MinecraftClient.java:724) ~[minecraft-project-@-merged-named.jar:?]
	at net.minecraft.client.MinecraftClient.<init>(MinecraftClient.java:437) ~[minecraft-project-@-merged-named.jar:?]
	at net.minecraft.client.main.Main.main(Main.java:205) ~[minecraft-project-@-merged-named.jar:?]
	at net.minecraft.client.main.Main.main(Main.java:51) ~[minecraft-project-@-merged-named.jar:?]
	at net.fabricmc.loader.impl.game.minecraft.MinecraftGameProvider.launch(MinecraftGameProvider.java:461) ~[fabric-loader-0.14.12.jar:?]
	at net.fabricmc.loader.impl.launch.knot.Knot.launch(Knot.java:74) ~[fabric-loader-0.14.12.jar:?]
	at net.fabricmc.loader.impl.launch.knot.KnotClient.main(KnotClient.java:23) ~[fabric-loader-0.14.12.jar:?]
	at net.fabricmc.devlaunchinjector.Main.main(Main.java:86) ~[dev-launch-injector-0.2.1+build.8.jar:?]
Caused by: com.mojang.authlib.exceptions.MinecraftClientHttpException: Status: 401
	at com.mojang.authlib.minecraft.client.MinecraftClient.readInputStream(MinecraftClient.java:87) ~[authlib-3.16.29.jar:?]
	at com.mojang.authlib.minecraft.client.MinecraftClient.get(MinecraftClient.java:48) ~[authlib-3.16.29.jar:?]
	at com.mojang.authlib.yggdrasil.YggdrasilUserApiService.fetchProperties(YggdrasilUserApiService.java:129) ~[authlib-3.16.29.jar:?]
	... 10 more
[12:58:13] [Render thread/INFO] (Minecraft) Setting user: Player264
[12:58:15] [Render thread/INFO] (Indigo) [Indigo] Registering Indigo renderer!
[12:58:16] [Render thread/INFO] (Minecraft) Backend library: LWJGL version 3.3.1 SNAPSHOT
[12:58:23] [Render thread/INFO] (Minecraft) Narrator library for x64 successfully loaded
[12:58:23] [Render thread/INFO] (Minecraft) Reloading ResourceManager: vanilla, Fabric Mods (Fabric Sound API (v1), Fabric Game Test API (v1), Fabric Screen API (v1), Nether Golem, Fabric Particles (v1), Fabric Models (v0), Fabric Message API (v1), Fabric Dimensions API (v1), Fabric Lifecycle Events (v1), Fabric Entity Events (v1), Fabric Item API (v1), Fabric Content Registries (v0), Fabric Loot API (v2), Fabric Biome API (v1), Fabric Registry Sync (v0), Fabric Transfer API (v1), Fabric Renderer - Indigo, Fabric Crash Report Info (v1), Fabric Object Builder API (v1), Fabric Item Group API (v1), Fabric Game Rule API (v1), Fabric Screen Handler API (v1), Fabric Command API (v2), Fabric Networking API (v1), Fabric Rendering Fluids (v1), Fabric Client Tags, Fabric API Base, Fabric Recipe API (v1), Fabric API Lookup API (v1), Fabric Renderer API (v1), Fabric Block API (v1), Fabric Resource Conditions API (v1), Fabric Convention Tags, Fabric Key Binding API (v1), Fabric BlockRenderLayer Registration (v1), Fabric Loader, Fabric API, Fabric Rendering Data Attachment (v1), Fabric Resource Loader (v0), Fabric Mining Level API (v1), Fabric Transitive Access Wideners (v1), Fabric Data Generation API (v1), Fabric Rendering (v1), Fabric Events Interaction (v0))
[12:58:24] [Render thread/INFO] (nethergolem) This line is printed by an example mod mixin!
[12:58:25] [Realms Notification Availability checker #1/INFO] (Minecraft) Could not authorize you against Realms server: Invalid session id
[12:58:28] [Render thread/INFO] (nethergolem) This line is printed by an example mod mixin!
[12:58:28] [Render thread/WARN] (Minecraft) Missing sound for event: minecraft:item.goat_horn.play
[12:58:28] [Render thread/WARN] (Minecraft) Missing sound for event: minecraft:entity.goat.screaming.horn_break
[12:58:29] [Render thread/INFO] (Minecraft) OpenAL initialized on device OpenAL Soft on Speakers (Realtek(R) Audio)
[12:58:29] [Render thread/INFO] (Minecraft) Sound engine started
[12:58:29] [Render thread/INFO] (Minecraft) Created: 1024x1024x4 minecraft:textures/atlas/blocks.png-atlas
[12:58:29] [Render thread/INFO] (Minecraft) Created: 512x256x4 minecraft:textures/atlas/signs.png-atlas
[12:58:29] [Render thread/INFO] (Minecraft) Created: 1024x512x4 minecraft:textures/atlas/banner_patterns.png-atlas
[12:58:29] [Render thread/INFO] (Minecraft) Created: 1024x512x4 minecraft:textures/atlas/shield_patterns.png-atlas
[12:58:29] [Render thread/INFO] (Minecraft) Created: 256x256x4 minecraft:textures/atlas/chest.png-atlas
[12:58:29] [Render thread/INFO] (Minecraft) Created: 512x256x4 minecraft:textures/atlas/beds.png-atlas
[12:58:29] [Render thread/INFO] (Minecraft) Created: 512x256x4 minecraft:textures/atlas/shulker_boxes.png-atlas
[12:58:30] [Render thread/WARN] (Minecraft) Shader rendertype_entity_translucent_emissive could not find sampler named Sampler2 in the specified shader program.
[12:58:30] [Render thread/INFO] (Minecraft) Created: 512x256x0 minecraft:textures/atlas/particles.png-atlas
[12:58:30] [Render thread/INFO] (Minecraft) Created: 256x256x0 minecraft:textures/atlas/paintings.png-atlas
[12:58:30] [Render thread/INFO] (Minecraft) Created: 256x128x0 minecraft:textures/atlas/mob_effects.png-atlas
[12:58:30] [Render thread/INFO] (nethergolem) This line is printed by an example mod mixin!
[12:58:40] [Render thread/INFO] (Minecraft) Loaded 7 recipes
[12:58:40] [Render thread/INFO] (Minecraft) Loaded 1179 advancements
[12:58:41] [Render thread/INFO] (BiomeModificationImpl) Applied 0 biome modifications to 0 of 63 new biomes in 3.669 ms
[12:58:42] [Server thread/INFO] (Minecraft) Starting integrated minecraft server version 1.19.3
[12:58:42] [Server thread/INFO] (Minecraft) Generating keypair
[12:58:48] [Server thread/INFO] (Minecraft) Preparing start region for dimension minecraft:overworld
[12:58:52] [Render thread/INFO] (Minecraft) Preparing spawn area: 0%
[12:58:53] [Render thread/INFO] (Minecraft) Preparing spawn area: 0%
[12:58:53] [Render thread/INFO] (Minecraft) Preparing spawn area: 0%
[12:58:53] [Render thread/INFO] (Minecraft) Preparing spawn area: 0%
[12:58:53] [Render thread/INFO] (Minecraft) Preparing spawn area: 0%
[12:58:53] [Render thread/INFO] (Minecraft) Preparing spawn area: 0%
[12:58:53] [Render thread/INFO] (Minecraft) Preparing spawn area: 0%
[12:58:53] [Render thread/INFO] (Minecraft) Preparing spawn area: 0%
[12:58:53] [Render thread/INFO] (Minecraft) Preparing spawn area: 0%
[12:58:53] [Render thread/INFO] (Minecraft) Preparing spawn area: 0%
[12:58:53] [Render thread/INFO] (Minecraft) Preparing spawn area: 0%
[12:58:54] [Render thread/INFO] (Minecraft) Preparing spawn area: 0%
[12:58:54] [Render thread/INFO] (Minecraft) Preparing spawn area: 0%
[12:58:55] [Render thread/INFO] (Minecraft) Preparing spawn area: 0%
[12:58:55] [Render thread/INFO] (Minecraft) Preparing spawn area: 14%
[12:58:56] [Render thread/INFO] (Minecraft) Preparing spawn area: 30%
[12:58:56] [Render thread/INFO] (Minecraft) Preparing spawn area: 78%
[12:58:57] [Render thread/INFO] (Minecraft) Time elapsed: 8765 ms
[12:58:57] [Server thread/INFO] (Minecraft) Changing view distance to 12, from 10
[12:58:57] [Server thread/INFO] (Minecraft) Changing simulation distance to 12, from 0
[12:59:01] [Server thread/INFO] (Minecraft) Player264[local:E:f3612394] logged in with entity id 275 at (-46.47875300995562, 97.98825840831627, -35.39520795353616)
[12:59:01] [Server thread/INFO] (Minecraft) Player264 joined the game
[12:59:02] [Render thread/INFO] (Minecraft) Loaded 0 advancements
[12:59:49] [Render thread/INFO] (Minecraft) Loaded 3 advancements
[13:00:11] [Server thread/INFO] (Minecraft) Locating element minecraft:village_plains took 5545 ms
[13:00:11] [Server thread/WARN] (Minecraft) Can't keep up! Is the server overloaded? Running 5537ms or 110 ticks behind
[13:00:11] [Server thread/INFO] (Minecraft) Saving and pausing game...
[13:00:11] [Render thread/INFO] (Minecraft) [System] [CHAT] The nearest minecraft:village_plains is at [-704, ~, 400] (800 blocks away)
[13:00:11] [Server thread/INFO] (Minecraft) Saving chunks for level 'ServerLevel[TestWorld]'/minecraft:overworld
[13:00:11] [Server thread/INFO] (Minecraft) Saving chunks for level 'ServerLevel[TestWorld]'/minecraft:the_end
[13:00:11] [Server thread/INFO] (Minecraft) Saving chunks for level 'ServerLevel[TestWorld]'/minecraft:the_nether
[13:00:13] [Worker-Bootstrap-6/INFO] (Minecraft) 4445 Datafixer optimizations took 129570 milliseconds
[13:00:16] [Server thread/INFO] (Minecraft) [Player264: Teleported Player264 to -703.500000, 99.483324, 400.500000]
[13:00:16] [Render thread/INFO] (Minecraft) [System] [CHAT] Teleported Player264 to -703.500000, 99.483324, 400.500000
[13:01:05] [Render thread/INFO] (Minecraft) Loaded 15 advancements
[13:01:10] [Server thread/INFO] (Minecraft) Player264 has made the advancement [Into Fire]
[13:01:10] [Render thread/INFO] (Minecraft) [System] [CHAT] Player264 has made the advancement [Into Fire]
[13:01:10] [Render thread/INFO] (Minecraft) Loaded 22 advancements
[13:01:14] [Server thread/INFO] (Minecraft) Player264 has reached the goal [The Next Generation]
[13:01:14] [Render thread/INFO] (Minecraft) [System] [CHAT] Player264 has reached the goal [The Next Generation]
[13:01:14] [Render thread/INFO] (Minecraft) Loaded 25 advancements
[13:02:25] [Server thread/INFO] (Minecraft) Saving and pausing game...
[13:02:25] [Server thread/INFO] (Minecraft) Saving chunks for level 'ServerLevel[TestWorld]'/minecraft:overworld
[13:02:25] [Server thread/INFO] (Minecraft) Saving chunks for level 'ServerLevel[TestWorld]'/minecraft:the_end
[13:02:25] [Server thread/INFO] (Minecraft) Saving chunks for level 'ServerLevel[TestWorld]'/minecraft:the_nether
[13:02:29] [Server thread/INFO] (Minecraft) Player264 lost connection: Disconnected
[13:02:29] [Server thread/INFO] (Minecraft) Player264 left the game
[13:02:29] [Server thread/INFO] (Minecraft) Stopping singleplayer server as player logged out
[13:02:29] [Server thread/INFO] (Minecraft) Stopping server
[13:02:29] [Server thread/INFO] (Minecraft) Saving players
[13:02:29] [Server thread/INFO] (Minecraft) Saving worlds
[13:02:33] [Server thread/INFO] (Minecraft) Saving chunks for level 'ServerLevel[TestWorld]'/minecraft:overworld
[13:02:33] [Server thread/INFO] (Minecraft) Saving chunks for level 'ServerLevel[TestWorld]'/minecraft:the_end
[13:02:33] [Server thread/INFO] (Minecraft) Saving chunks for level 'ServerLevel[TestWorld]'/minecraft:the_nether
[13:02:33] [Server thread/INFO] (Minecraft) ThreadedAnvilChunkStorage (TestWorld): All chunks are saved
[13:02:33] [Server thread/INFO] (Minecraft) ThreadedAnvilChunkStorage (DIM1): All chunks are saved
[13:02:33] [Server thread/INFO] (Minecraft) ThreadedAnvilChunkStorage (DIM-1): All chunks are saved
[13:02:33] [Server thread/INFO] (Minecraft) ThreadedAnvilChunkStorage: All dimensions are saved
[13:02:33] [Render thread/INFO] (nethergolem) This line is printed by an example mod mixin!
[13:02:58] [Render thread/INFO] (Minecraft) Stopping!
